{"D:\\Developpement\\Langage\\Javascript\\NodeJs\\exoNode\\exoTestunitaire\\helloword.js": {"path":"D:\\Developpement\\Langage\\Javascript\\NodeJs\\exoNode\\exoTestunitaire\\helloword.js","statementMap":{"0":{"start":{"line":1,"column":18},"end":{"line":2,"column":16}},"1":{"start":{"line":2,"column":4},"end":{"line":2,"column":15}},"2":{"start":{"line":4,"column":0},"end":{"line":4,"column":29}}},"fnMap":{"0":{"name":"(anonymous_0)","decl":{"start":{"line":1,"column":18},"end":{"line":1,"column":19}},"loc":{"start":{"line":1,"column":24},"end":{"line":2,"column":16}},"line":1}},"branchMap":{},"s":{"0":1,"1":1,"2":1},"f":{"0":1},"b":{},"_coverageSchema":"1a1c01bbd47fc00a2c39e90264f33305004495a9","hash":"75b01cc8283e4ffb507be490dddbb8270eb473a5"}
,"D:\\Developpement\\Langage\\Javascript\\NodeJs\\exoNode\\exoTestunitaire\\mymath.js": {"path":"D:\\Developpement\\Langage\\Javascript\\NodeJs\\exoNode\\exoTestunitaire\\mymath.js","statementMap":{"0":{"start":{"line":1,"column":15},"end":{"line":8,"column":1}},"1":{"start":{"line":3,"column":8},"end":{"line":3,"column":26}},"2":{"start":{"line":6,"column":8},"end":{"line":6,"column":26}},"3":{"start":{"line":10,"column":0},"end":{"line":10,"column":24}}},"fnMap":{"0":{"name":"(anonymous_0)","decl":{"start":{"line":2,"column":9},"end":{"line":2,"column":10}},"loc":{"start":{"line":2,"column":24},"end":{"line":4,"column":5}},"line":2},"1":{"name":"(anonymous_1)","decl":{"start":{"line":5,"column":10},"end":{"line":5,"column":11}},"loc":{"start":{"line":5,"column":24},"end":{"line":7,"column":5}},"line":5}},"branchMap":{"0":{"loc":{"start":{"line":2,"column":10},"end":{"line":2,"column":14}},"type":"default-arg","locations":[{"start":{"line":2,"column":13},"end":{"line":2,"column":14}}],"line":2},"1":{"loc":{"start":{"line":2,"column":16},"end":{"line":2,"column":19}},"type":"default-arg","locations":[{"start":{"line":2,"column":18},"end":{"line":2,"column":19}}],"line":2},"2":{"loc":{"start":{"line":5,"column":11},"end":{"line":5,"column":14}},"type":"default-arg","locations":[{"start":{"line":5,"column":13},"end":{"line":5,"column":14}}],"line":5},"3":{"loc":{"start":{"line":5,"column":16},"end":{"line":5,"column":19}},"type":"default-arg","locations":[{"start":{"line":5,"column":18},"end":{"line":5,"column":19}}],"line":5}},"s":{"0":1,"1":1,"2":1,"3":1},"f":{"0":1,"1":1},"b":{"0":[0],"1":[0],"2":[0],"3":[0]},"_coverageSchema":"1a1c01bbd47fc00a2c39e90264f33305004495a9","hash":"f9b0bc8cea5739d5c3cd81931c32c2a66a1df55f"}
}
